
Run     SWR     Gain    F/B     F/R     R-a     X-a     Eff.    %Res.   %Stp  LDrv    

1-0     1.095   0       0       0       47.501  -3.652  99.45   0    	0    	10.495  
1       1.0742  0       0       0       47.825  -2.746  99.46   0.012	0.1  	10.506  
1-1                                                                           1       

1-2     3.7779  0       0       0       92.655  87.426  99.53   -1.24	10   	11.545  
2       1.0742  0       0       0       47.825  -2.746  99.46   0.012	0.1  	10.506  
2-1                                                                           1       

2-2     1.3353  0       0       0       54.399  14.481  99.47   -0.13	2    	10.705  
3       1.0742  0       0       0       47.825  -2.746  99.46   0.012	0.1  	10.506  
3-1                                                                           1       

3-2     1.0244  0       0       0       48.809  -0.027  99.46   0.049	0.4  	10.537  
3-3     1.0749  0       0       0       50.157  3.6133  99.46   -0.03	0.4  	10.579  
4       1.0948  0       0       0       50.501  4.5272  99.46   -0.01	0.1  	10.59   
4-1                                                                           -1      

4-2     1.0557  0       0       0       49.815  2.6994  99.46   9.e-3	0.1  	10.569  
4-3     1.0381  0       0       0       49.476  1.7865  99.46   6.e-3	0.1  	10.558  
4-4     1.0251  0       0       0       49.139  0.8745  99.46   6.e-3	0.1  	10.548  
4-5     1.0245  0       0       0       48.806  -0.036  99.46   5.e-3	0.1  	10.537  
4-6     1.0371  0       0       0       48.474  -0.946  99.46   -0.01	0.1  	10.527  
5       1.0245  0       0       0       48.805  -0.037  99.46   0.012	0.1  	10.537  
5-1                                                                           1       

5-2     1.0333  0       0       0       48.557  -0.719  99.46   3.e-3	0.025	10.529  
5-3     1.0298  0       0       0       48.639  -0.492  99.46   3.e-3	0.025	10.532  
5-4     1.0268  0       0       0       48.722  -0.264  99.46   3.e-3	0.025	10.535  
5-5     1.0245  0       0       0       48.805  -0.037  99.46   3.e-3	0.025	10.537  
5-6     1.0231  0       0       0       48.888  0.1905  99.46   -7e-4	0.025	10.54   
6       1.0227  0       0       0       48.972  0.4185  99.46   -1e-3	0.025	10.542  
6-1                                                                           -1      

6-2     1.0233  0       0       0       48.868  0.1343  99.46   4.e-4	6.e-3	10.539  
